<?xml version="1.0" encoding="UTF-8"?>
<!-- Generated by org.testng.reporters.JUnitReportReporter -->
<testsuite hostname="LAPTOP-CLD4RQN2" failures="0" tests="1" name="com.Test.loginPageTest" time="2.128" errors="0" timestamp="2024-04-27T13:46:37 IST" skipped="0">
  <testcase classname="com.Test.loginPageTest" name="launchURL" time="2.128"/>
  <system-out/>
</testsuite> <!-- com.Test.loginPageTest -->
